0 info it worked if it ends with ok
1 verbose cli [ 'C:\\Program Files\\nodejs\\\\node.exe',
1 verbose cli   'C:\\Program Files\\nodejs\\node_modules\\npm\\bin\\npm-cli.js',
1 verbose cli   'publish',
1 verbose cli   '.\\' ]
2 info using npm@1.4.28
3 info using node@v0.10.33
4 verbose node symlink C:\Program Files\nodejs\\node.exe
5 verbose publish [ '.\\' ]
6 verbose cache add [ '.\\', null ]
7 verbose cache add name=undefined spec=".\\" args=[".\\",null]
8 verbose parsed url { protocol: null,
8 verbose parsed url   slashes: null,
8 verbose parsed url   auth: null,
8 verbose parsed url   host: null,
8 verbose parsed url   port: null,
8 verbose parsed url   hostname: null,
8 verbose parsed url   hash: null,
8 verbose parsed url   search: null,
8 verbose parsed url   query: null,
8 verbose parsed url   pathname: './',
8 verbose parsed url   path: './',
8 verbose parsed url   href: './' }
9 silly lockFile 6de088a4- .\
10 verbose lock .\ C:\Users\tcackowski\AppData\Roaming\npm-cache\6de088a4-.lock
11 verbose tar pack [ 'C:\\Users\\tcackowski\\AppData\\Roaming\\npm-cache\\owski-arglist\\0.0.1\\package.tgz',
11 verbose tar pack   '.\\' ]
12 verbose tarball C:\Users\tcackowski\AppData\Roaming\npm-cache\owski-arglist\0.0.1\package.tgz
13 verbose folder .\
14 info prepublish owski-arglist@0.0.1
15 silly lockFile 51263427-tar tar://.\
16 verbose lock tar://.\ C:\Users\tcackowski\AppData\Roaming\npm-cache\51263427-tar.lock
17 silly lockFile b9cc8b2f--owski-arglist-0-0-1-package-tgz tar://C:\Users\tcackowski\AppData\Roaming\npm-cache\owski-arglist\0.0.1\package.tgz
18 verbose lock tar://C:\Users\tcackowski\AppData\Roaming\npm-cache\owski-arglist\0.0.1\package.tgz C:\Users\tcackowski\AppData\Roaming\npm-cache\b9cc8b2f--owski-arglist-0-0-1-package-tgz.lock
19 silly lockFile 51263427-tar tar://.\
20 silly lockFile 51263427-tar tar://.\
21 silly lockFile b9cc8b2f--owski-arglist-0-0-1-package-tgz tar://C:\Users\tcackowski\AppData\Roaming\npm-cache\owski-arglist\0.0.1\package.tgz
22 silly lockFile b9cc8b2f--owski-arglist-0-0-1-package-tgz tar://C:\Users\tcackowski\AppData\Roaming\npm-cache\owski-arglist\0.0.1\package.tgz
23 silly lockFile 222be18a-ache-owski-arglist-0-0-1-package C:\Users\tcackowski\AppData\Roaming\npm-cache\owski-arglist\0.0.1\package
24 verbose lock C:\Users\tcackowski\AppData\Roaming\npm-cache\owski-arglist\0.0.1\package C:\Users\tcackowski\AppData\Roaming\npm-cache\222be18a-ache-owski-arglist-0-0-1-package.lock
25 silly lockFile 222be18a-ache-owski-arglist-0-0-1-package C:\Users\tcackowski\AppData\Roaming\npm-cache\owski-arglist\0.0.1\package
26 silly lockFile 222be18a-ache-owski-arglist-0-0-1-package C:\Users\tcackowski\AppData\Roaming\npm-cache\owski-arglist\0.0.1\package
27 silly lockFile 6de088a4- .\
28 silly lockFile 6de088a4- .\
29 silly publish { name: 'owski-arglist',
29 silly publish   version: '0.0.1',
29 silly publish   description: 'reflection for functions',
29 silly publish   main: 'argList.js',
29 silly publish   scripts: { test: 'mocha tests/*.mocha.js' },
29 silly publish   keywords: [ 'decompilation', 'pattern', 'matching' ],
29 silly publish   repository:
29 silly publish    { type: 'git',
29 silly publish      url: 'git://github.com/theodorecackowski/owski-argList.git' },
29 silly publish   author: { name: 'Ted Cackowski Jr' },
29 silly publish   license: 'MIT',
29 silly publish   devDependencies: { must: '^0.12.0' },
29 silly publish   readme: '##owski-arglist\n\nThis module is pretty worthless.  \nIt contains _one_ function for retrieving an arg-list.  \nWhich, to me, means `[\'a\',\'b\']` for `function(a,b){...}`\n\nAdditionally, this is my first npm module.  \nI might replace this module.  \nIf so, with parsers for function strings.  \n',
29 silly publish   readmeFilename: 'README.md',
29 silly publish   gitHead: '57e4d3f8cbfe8955b24241a936abe7d2dd9d6059',
29 silly publish   bugs: { url: 'https://github.com/theodorecackowski/owski-argList/issues' },
29 silly publish   homepage: 'https://github.com/theodorecackowski/owski-argList',
29 silly publish   _id: 'owski-arglist@0.0.1',
29 silly publish   _shasum: 'ff7693e87306d46f05621bf58e1df7b961bc20a5',
29 silly publish   _from: '.\\' }
30 verbose request where is /owski-arglist
31 verbose request registry https://registry.npmjs.org/
32 verbose request id 5896ae85ae2befb4
33 verbose url raw /owski-arglist
34 verbose url resolving [ 'https://registry.npmjs.org/', './owski-arglist' ]
35 verbose url resolved https://registry.npmjs.org/owski-arglist
36 verbose request where is https://registry.npmjs.org/owski-arglist
37 info trying registry request attempt 1 at 12:28:08
38 http PUT https://registry.npmjs.org/owski-arglist
39 http 403 https://registry.npmjs.org/owski-arglist
40 verbose headers { date: 'Sat, 25 Apr 2015 17:28:09 GMT',
40 verbose headers   server: 'Apache',
40 verbose headers   'content-type': 'application/json',
40 verbose headers   'cache-control': 'max-age=60',
40 verbose headers   'content-length': '95',
40 verbose headers   'accept-ranges': 'bytes',
40 verbose headers   via: '1.1 varnish',
40 verbose headers   'x-served-by': 'cache-dfw1831-DFW',
40 verbose headers   'x-cache': 'MISS',
40 verbose headers   'x-cache-hits': '0',
40 verbose headers   'x-timer': 'S1429982888.347248,VS0,VE967',
40 verbose headers   'keep-alive': 'timeout=10, max=50',
40 verbose headers   connection: 'Keep-Alive' }
41 error publish Failed PUT 403
42 error Error: "You cannot publish over the previously published version 0.0.1." : owski-arglist
42 error     at RegClient.<anonymous> (C:\Program Files\nodejs\node_modules\npm\node_modules\npm-registry-client\lib\request.js:308:14)
42 error     at Request._callback (C:\Program Files\nodejs\node_modules\npm\node_modules\npm-registry-client\lib\request.js:246:65)
42 error     at Request.self.callback (C:\Program Files\nodejs\node_modules\npm\node_modules\request\request.js:236:22)
42 error     at Request.emit (events.js:98:17)
42 error     at Request.<anonymous> (C:\Program Files\nodejs\node_modules\npm\node_modules\request\request.js:1142:14)
42 error     at Request.emit (events.js:117:20)
42 error     at IncomingMessage.<anonymous> (C:\Program Files\nodejs\node_modules\npm\node_modules\request\request.js:1096:12)
42 error     at IncomingMessage.emit (events.js:117:20)
42 error     at _stream_readable.js:943:16
42 error     at process._tickCallback (node.js:419:13)
43 error If you need help, you may report this *entire* log,
43 error including the npm and node versions, at:
43 error     <http://github.com/npm/npm/issues>
44 error System Windows_NT 6.1.7601
45 error command "C:\\Program Files\\nodejs\\\\node.exe" "C:\\Program Files\\nodejs\\node_modules\\npm\\bin\\npm-cli.js" "publish" ".\\"
46 error cwd c:\GitHub\owski-argList
47 error node -v v0.10.33
48 error npm -v 1.4.28
49 verbose exit [ 1, true ]
